<?xml version="1.0" encoding="UTF-8"?>
<!-- Generated by org.testng.reporters.JUnitReportReporter -->
<testsuite skipped="0" hostname="Mohit" name="Runner.TestRunner" tests="1" failures="0" timestamp="09 Jun 2021 18:55:43 GMT" time="11.473" errors="0">
  <testcase name="feature" time="11.473" classname="Runner.TestRunner"/>
</testsuite> <!-- Runner.TestRunner -->
