<?xml version="1.0" encoding="UTF-8"?>
<!-- Generated by org.testng.reporters.JUnitReportReporter -->
<testsuite skipped="0" hostname="Mohit" name="Runner.TestRunner" tests="2" failures="0" timestamp="08 Jun 2021 18:51:15 GMT" time="39.324" errors="0">
  <testcase name="feature" time="12.426" classname="Runner.TestRunner"/>
  <testcase name="feature" time="26.898" classname="Runner.TestRunner"/>
</testsuite> <!-- Runner.TestRunner -->
